<?xml version="1.0" encoding="UTF-8"?>
<!-- Generated by org.testng.reporters.JUnitReportReporter -->
<testsuite hostname="Admin-PC" failures="0" tests="3" name="userregistrationpackage.ProductSearchListingClass" time="23.485" errors="0" timestamp="2023-06-21T14:23:12 IST" skipped="0">
  <testcase classname="userregistrationpackage.ProductSearchListingClass" name="ProductSearch" time="21.024"/>
  <system-out/>
  <testcase classname="userregistrationpackage.ProductSearchListingClass" name="Productlist" time="1.217"/>
  <system-out/>
  <testcase classname="userregistrationpackage.ProductSearchListingClass" name="AllProductDetails" time="1.244"/>
  <system-out/>
</testsuite> <!-- userregistrationpackage.ProductSearchListingClass -->
