<?xml version="1.0" encoding="UTF-8"?>
<!-- Generated by org.testng.reporters.JUnitReportReporter -->
<testsuite hostname="Admin-PC" failures="0" tests="1" name="userregistrationpackage.UserRegistrationClass$PeopleElementProject1" time="63.676" errors="0" timestamp="2023-06-20T11:51:40 IST" skipped="0">
  <testcase classname="userregistrationpackage.UserRegistrationClass$PeopleElementProject1" name="Browser" time="63.676"/>
  <system-out/>
</testsuite> <!-- userregistrationpackage.UserRegistrationClass$PeopleElementProject1 -->
